#
# A fatal error has been detected by the Java Runtime Environment:
#
#  EXCEPTION_ACCESS_VIOLATION (0xc0000005) at pc=0x00007ffb45c00316, pid=15672, tid=1888
#
# JRE version: OpenJDK Runtime Environment Temurin-17.0.10+7 (17.0.10+7) (build 17.0.10+7)
# Java VM: OpenJDK 64-Bit Server VM Temurin-17.0.10+7 (17.0.10+7, mixed mode, tiered, compressed oops, compressed class ptrs, parallel gc, windows-amd64)
# Problematic frame:
# V  [jvm.dll+0x6b0316]
#
# No core dump will be written. Minidumps are not enabled by default on client versions of Windows
#
# If you would like to submit a bug report, please visit:
#   https://github.com/adoptium/adoptium-support/issues
#

---------------  S U M M A R Y ------------

Command Line: --add-modules=ALL-SYSTEM --add-opens=java.base/java.util=ALL-UNNAMED --add-opens=java.base/java.lang=ALL-UNNAMED --add-opens=java.base/sun.nio.fs=ALL-UNNAMED -Declipse.application=org.eclipse.jdt.ls.core.id1 -Dosgi.bundles.defaultStartLevel=4 -Declipse.product=org.eclipse.jdt.ls.core.product -Djava.import.generatesMetadataFilesAtProjectRoot=false -DDetectVMInstallationsJob.disabled=true -Dfile.encoding=utf8 -XX:+UseParallelGC -XX:GCTimeRatio=4 -XX:AdaptiveSizePolicyWeight=90 -Dsun.zip.disableMemoryMapping=true -Xmx1G -Xms100m -Xlog:disable -javaagent:c:\Users\Andrea\.vscode\extensions\redhat.java-1.29.0-win32-x64\lombok\lombok-1.18.32.jar -XX:+HeapDumpOnOutOfMemoryError -XX:HeapDumpPath=c:\Users\Andrea\AppData\Roaming\Code\User\workspaceStorage\d5609e42dd6f9d32313583c72987fdb1\redhat.java -Daether.dependencyCollector.impl=bf c:\Users\Andrea\.vscode\extensions\redhat.java-1.29.0-win32-x64\server\plugins\org.eclipse.equinox.launcher_1.6.800.v20240304-1850.jar -configuration c:\Users\Andrea\AppData\Roaming\Code\User\globalStorage\redhat.java\1.29.0\config_win -data c:\Users\Andrea\AppData\Roaming\Code\User\workspaceStorage\d5609e42dd6f9d32313583c72987fdb1\redhat.java\jdt_ws --stdio

Host: AMD Ryzen 5 3500U with Radeon Vega Mobile Gfx  , 8 cores, 5G,  Windows 11 , 64 bit Build 22621 (10.0.22621.3374)
Time: Tue Apr  9 19:08:47 2024 ora solare Europa occidentale elapsed time: 25.332618 seconds (0d 0h 0m 25s)

---------------  T H R E A D  ---------------

Current thread (0x00000214b01b0950):  GCTaskThread "GC Thread#5" [stack: 0x0000005ef8700000,0x0000005ef8800000] [id=1888]

Stack: [0x0000005ef8700000,0x0000005ef8800000],  sp=0x0000005ef87ffa20,  free space=1022k
Native frames: (J=compiled Java code, j=interpreted, Vv=VM code, C=native code)
V  [jvm.dll+0x6b0316]
V  [jvm.dll+0x6b0663]
V  [jvm.dll+0x6b8de1]
V  [jvm.dll+0x6b9cfa]
V  [jvm.dll+0x86226b]
V  [jvm.dll+0x8622b6]
V  [jvm.dll+0x7e3fba]
V  [jvm.dll+0x67c1b5]
C  [ucrtbase.dll+0x29333]
C  [KERNEL32.DLL+0x1257d]
C  [ntdll.dll+0x5aa48]


siginfo: EXCEPTION_ACCESS_VIOLATION (0xc0000005), reading address 0xffffffffffffffff


Registers:
RAX=0x1fffffffe8200000, RBX=0x0000000001000000, RCX=0x0000000000000000, RDX=0x00000214a7aa0000
RSP=0x0000005ef87ffa20, RBP=0x00000214a9bb7f20, RSI=0x00007ffb45f01158, RDI=0x00000000c3077b04
R8 =0x007fffffffa08000, R9 =0x0000000000000001, R10=0x000000000000000f, R11=0x00000000c3077ad0
R12=0x0000005ef76ff248, R13=0x0000000000000010, R14=0x00000000c3077b1c, R15=0x0000000000000000
RIP=0x00007ffb45c00316, EFLAGS=0x0000000000010216


Register to memory mapping:

RIP=0x00007ffb45c00316 jvm.dll
RAX=0x1fffffffe8200000 is an unknown value
RBX=0x0000000001000000 is an unknown value
RCX=0x0 is NULL
RDX=0x00000214a7aa0000 points into unknown readable memory: 0x0000000000000001 | 01 00 00 00 00 00 00 00
RSP=0x0000005ef87ffa20 points into unknown readable memory: 0x00000000c3077a88 | 88 7a 07 c3 00 00 00 00
RBP=0x00000214a9bb7f20 points into unknown readable memory: 0x0000021493cb0150 | 50 01 cb 93 14 02 00 00
RSI=0x00007ffb45f01158 jvm.dll
RDI=0x00000000c3077b04 is pointing into object: [[C 
{0x00000000c3077ad0} - klass: {type array char}[]
 - length: 15
R8 =0x007fffffffa08000 is an unknown value
R9 =0x0000000000000001 is an unknown value
R10=0x000000000000000f is an unknown value
R11=0x00000000c3077ad0 is an oop: [[C 
{0x00000000c3077ad0} - klass: {type array char}[]
 - length: 15
R12=0x0000005ef76ff248 points into unknown readable memory: 0x0000000000000008 | 08 00 00 00 00 00 00 00
R13=0x0000000000000010 is an unknown value
R14=0x00000000c3077b1c is pointing into object: [[C 
{0x00000000c3077ad0} - klass: {type array char}[]
 - length: 15
R15=0x0 is NULL


Top of Stack: (sp=0x0000005ef87ffa20)
0x0000005ef87ffa20:   00000000c3077a88 00000000c3077a7c
0x0000005ef87ffa30:   0000000000000000 00007ffb4607c7a0
0x0000005ef87ffa40:   00007ffb4607c7a0 00007ffb45c00663
0x0000005ef87ffa50:   00000214a9bb7f20 00007ffb45e6bb90
0x0000005ef87ffa60:   00007ffb45f01158 000000000000074e
0x0000005ef87ffa70:   0000000000000000 0000005e00000000
0x0000005ef87ffa80:   00000214a9bb7f20 00007ffb45bfe581
0x0000005ef87ffa90:   00000000c30779f8 0000000000000000
0x0000005ef87ffaa0:   00007ffb45e6bb90 0000021495e2d2c0
0x0000005ef87ffab0:   0000000100000003 00000214a9bb7f20
0x0000005ef87ffac0:   0000000000000000 0000000000000000
0x0000005ef87ffad0:   0000000000000001 00000000c37fb4a0
0x0000005ef87ffae0:   00007ffb4607c7a0 000000000000000c
0x0000005ef87ffaf0:   00000214a9bb7f20 00007ffb45c08de1
0x0000005ef87ffb00:   000000000000000c 00007ffb45f01158
0x0000005ef87ffb10:   00000214a9bb7f20 00007ffb45f01158
0x0000005ef87ffb20:   00000000c3791490 0000005e0001a000
0x0000005ef87ffb30:   00007ffb45f01158 0000021495e2d2c0
0x0000005ef87ffb40:   0000000000000003 00000214a9bb7f20
0x0000005ef87ffb50:   0000000000000001 0000005ef76ff240
0x0000005ef87ffb60:   0000005ef76ff208 0000005ef76ff100
0x0000005ef87ffb70:   0000000000000001 00007ffb45c09cfa
0x0000005ef87ffb80:   0000000000000005 0000005ef87ffc00
0x0000005ef87ffb90:   00000000c3077948 00000214a9bb7f20
0x0000005ef87ffba0:   0000005ef76ff4a0 00000214aeddded0
0x0000005ef87ffbb0:   0000000100000002 00000214a9bb7f20
0x0000005ef87ffbc0:   00007ffb45f01948 00000214a9bb7f20
0x0000005ef87ffbd0:   00007ffb45f01b50 0000000000000001
0x0000005ef87ffbe0:   0000000000000000 0000000000000000
0x0000005ef87ffbf0:   0000000000000000 00000c2671e2484f
0x0000005ef87ffc00:   0000000000000000 00000214b01b0950
0x0000005ef87ffc10:   0000000000000000 0000000000000000 

Instructions: (pc=0x00007ffb45c00316)
0x00007ffb45c00216:   48 8b 74 24 48 48 83 c4 20 5f c3 cc cc cc cc cc
0x00007ffb45c00226:   cc cc cc cc cc cc cc cc cc cc 48 89 5c 24 08 48
0x00007ffb45c00236:   89 6c 24 10 48 89 74 24 18 48 89 7c 24 20 41 56
0x00007ffb45c00246:   48 83 ec 20 80 3d 30 31 4d 00 00 bb 10 00 00 00
0x00007ffb45c00256:   48 8b e9 4d 63 d0 4c 8b da 8b c3 8d 4b fc 0f 84
0x00007ffb45c00266:   06 01 00 00 44 0f b6 0d 10 31 4d 00 45 84 c9 0f
0x00007ffb45c00276:   45 c1 4c 63 04 10 49 8b d2 49 8b c0 49 2b c2 41
0x00007ffb45c00286:   ba 00 08 00 00 49 3b c2 4c 0f 42 d0 b8 18 00 00
0x00007ffb45c00296:   00 4c 03 d2 45 84 c9 0f 45 c3 49 03 c3 48 8d 3c
0x00007ffb45c002a6:   90 4e 8d 34 90 4d 3b d0 73 0e 4d 8b c2 49 8b d3
0x00007ffb45c002b6:   48 8b cd e8 82 0b 00 00 49 3b fe 0f 83 90 01 00
0x00007ffb45c002c6:   00 66 0f 1f 84 00 00 00 00 00 8b 07 85 c0 0f 84
0x00007ffb45c002d6:   84 00 00 00 8b 0d 08 70 46 00 8b d8 48 8b 15 17
0x00007ffb45c002e6:   d3 4e 00 48 d3 e3 48 03 1d ed 6f 46 00 8b 0d 3f
0x00007ffb45c002f6:   7f 46 00 48 8b c3 48 2b 02 48 8b 52 10 48 c1 e8
0x00007ffb45c00306:   03 48 d3 e8 4c 8b c0 24 3f 49 c1 e8 06 0f b6 c8
0x00007ffb45c00316:   4a 8b 04 c2 48 0f a3 c8 72 3e 48 8b cb e8 78 c7
0x00007ffb45c00326:   95 ff 48 63 f0 48 8d 0d 9e d4 4e 00 4c 8b c6 48
0x00007ffb45c00336:   8b d3 e8 d3 72 fd ff 84 c0 74 1d 4c 8b c6 48 8d
0x00007ffb45c00346:   0d c5 d4 4e 00 48 8b d3 e8 0d 2f 00 00 48 8b d3
0x00007ffb45c00356:   48 8b cd e8 42 0a 00 00 48 83 c7 04 49 3b fe 0f
0x00007ffb45c00366:   82 65 ff ff ff e9 e7 00 00 00 0f b6 15 0b 30 4d
0x00007ffb45c00376:   00 84 d2 48 0f 45 c1 49 8b ca 4e 63 0c 18 49 8b
0x00007ffb45c00386:   c1 49 2b c2 41 ba 00 08 00 00 49 3b c2 4c 0f 42
0x00007ffb45c00396:   d0 b8 18 00 00 00 4c 03 d1 84 d2 48 0f 45 c3 49
0x00007ffb45c003a6:   03 c3 48 8d 3c c8 4e 8d 34 d0 4d 3b d1 73 0e 4d
0x00007ffb45c003b6:   8b c2 49 8b d3 48 8b cd e8 7d 0a 00 00 49 3b fe
0x00007ffb45c003c6:   0f 83 8b 00 00 00 0f 1f 40 00 48 8b 1f 48 85 db
0x00007ffb45c003d6:   74 72 48 8b 15 21 d2 4e 00 48 8b c3 8b 0d 50 7e
0x00007ffb45c003e6:   46 00 48 2b 02 48 8b 52 10 48 c1 e8 03 48 d3 e8
0x00007ffb45c003f6:   4c 8b c0 24 3f 49 c1 e8 06 0f b6 c8 4a 8b 04 c2
0x00007ffb45c00406:   48 0f a3 c8 72 3e 48 8b cb e8 8c c6 95 ff 48 63 


Stack slot to memory mapping:
stack at sp + 0 slots: 0x00000000c3077a88 is an oop: org.eclipse.jdt.internal.core.util.SimpleWordSet 
{0x00000000c3077a88} - klass: 'org/eclipse/jdt/internal/core/util/SimpleWordSet'
 - ---- fields (total size 3 words):
 - public 'elementSize' 'I' @12  1
 - public 'threshold' 'I' @16  1
 - public 'words' '[[C' @20  a {type array char}[2] {0x00000000c3077aa0} (c3077aa0)
stack at sp + 1 slots: 0x00000000c3077a7c is pointing into object: [Ljava.lang.Object; 
{0x00000000c30779f8} - klass: 'java/lang/Object'[]
 - length: 31
stack at sp + 2 slots: 0x0 is NULL
stack at sp + 3 slots: 0x00007ffb4607c7a0 jvm.dll
stack at sp + 4 slots: 0x00007ffb4607c7a0 jvm.dll
stack at sp + 5 slots: 0x00007ffb45c00663 jvm.dll
stack at sp + 6 slots: 0x00000214a9bb7f20 points into unknown readable memory: 0x0000021493cb0150 | 50 01 cb 93 14 02 00 00
stack at sp + 7 slots: 0x00007ffb45e6bb90 jvm.dll


---------------  P R O C E S S  ---------------

Threads class SMR info:
_java_thread_list=0x00000214b2debba0, length=31, elements={
0x0000021495e17180, 0x00000214a9c94010, 0x00000214a9c96190, 0x00000214aed29f30,
0x00000214aed2a900, 0x00000214aed2b3d0, 0x00000214aed2bea0, 0x00000214aed2ec60,
0x00000214aed976e0, 0x00000214aed97c00, 0x0000021495e770e0, 0x00000214aff4ff40,
0x00000214b05aa8c0, 0x00000214b06308d0, 0x00000214b059f020, 0x00000214b0a07650,
0x00000214b01732f0, 0x00000214b0173800, 0x00000214b0175660, 0x00000214b0173d10,
0x00000214b17e99e0, 0x00000214b01723c0, 0x00000214b0174730, 0x00000214b0174220,
0x00000214b0174c40, 0x00000214b0e9acd0, 0x00000214b0e9d550, 0x00000214b0e9da60,
0x00000214b0e9df70, 0x00000214b0e9e480, 0x00000214b0e9f8c0
}

Java Threads: ( => current thread )
  0x0000021495e17180 JavaThread "main" [_thread_blocked, id=4352, stack(0x0000005ef7400000,0x0000005ef7500000)]
  0x00000214a9c94010 JavaThread "Reference Handler" daemon [_thread_blocked, id=1108, stack(0x0000005ef7700000,0x0000005ef7800000)]
  0x00000214a9c96190 JavaThread "Finalizer" daemon [_thread_blocked, id=6528, stack(0x0000005ef7800000,0x0000005ef7900000)]
  0x00000214aed29f30 JavaThread "Signal Dispatcher" daemon [_thread_blocked, id=9372, stack(0x0000005ef7900000,0x0000005ef7a00000)]
  0x00000214aed2a900 JavaThread "Attach Listener" daemon [_thread_blocked, id=11524, stack(0x0000005ef7a00000,0x0000005ef7b00000)]
  0x00000214aed2b3d0 JavaThread "Service Thread" daemon [_thread_blocked, id=14760, stack(0x0000005ef7b00000,0x0000005ef7c00000)]
  0x00000214aed2bea0 JavaThread "Monitor Deflation Thread" daemon [_thread_blocked, id=16032, stack(0x0000005ef7c00000,0x0000005ef7d00000)]
  0x00000214aed2ec60 JavaThread "C2 CompilerThread0" daemon [_thread_blocked, id=16080, stack(0x0000005ef7d00000,0x0000005ef7e00000)]
  0x00000214aed976e0 JavaThread "C1 CompilerThread0" daemon [_thread_blocked, id=11136, stack(0x0000005ef7e00000,0x0000005ef7f00000)]
  0x00000214aed97c00 JavaThread "Sweeper thread" daemon [_thread_blocked, id=12956, stack(0x0000005ef7f00000,0x0000005ef8000000)]
  0x0000021495e770e0 JavaThread "Common-Cleaner" daemon [_thread_blocked, id=15000, stack(0x0000005ef8000000,0x0000005ef8100000)]
  0x00000214aff4ff40 JavaThread "Notification Thread" daemon [_thread_blocked, id=3508, stack(0x0000005ef8100000,0x0000005ef8200000)]
  0x00000214b05aa8c0 JavaThread "Active Thread: Equinox Container: 6d345774-20bb-475e-99aa-bc75147cb723" [_thread_blocked, id=3572, stack(0x0000005ef8900000,0x0000005ef8a00000)]
  0x00000214b06308d0 JavaThread "Framework Event Dispatcher: Equinox Container: 6d345774-20bb-475e-99aa-bc75147cb723" daemon [_thread_blocked, id=4680, stack(0x0000005ef8a00000,0x0000005ef8b00000)]
  0x00000214b059f020 JavaThread "Start Level: Equinox Container: 6d345774-20bb-475e-99aa-bc75147cb723" daemon [_thread_blocked, id=8100, stack(0x0000005ef8b00000,0x0000005ef8c00000)]
  0x00000214b0a07650 JavaThread "Bundle File Closer" daemon [_thread_blocked, id=3792, stack(0x0000005ef8e00000,0x0000005ef8f00000)]
  0x00000214b01732f0 JavaThread "SCR Component Actor" daemon [_thread_blocked, id=13740, stack(0x0000005ef8d00000,0x0000005ef8e00000)]
  0x00000214b0173800 JavaThread "Worker-JM" [_thread_blocked, id=4816, stack(0x0000005ef9000000,0x0000005ef9100000)]
  0x00000214b0175660 JavaThread "Worker-0: Java indexing... " [_thread_blocked, id=15372, stack(0x0000005ef9100000,0x0000005ef9200000)]
  0x00000214b0173d10 JavaThread "Worker-1" [_thread_blocked, id=14276, stack(0x0000005ef9200000,0x0000005ef9300000)]
  0x00000214b17e99e0 JavaThread "C2 CompilerThread1" daemon [_thread_blocked, id=2812, stack(0x0000005ef9300000,0x0000005ef9400000)]
  0x00000214b01723c0 JavaThread "Worker-2: Initialize Workspace" [_thread_blocked, id=8784, stack(0x0000005ef9400000,0x0000005ef9500000)]
  0x00000214b0174730 JavaThread "Java indexing" daemon [_thread_blocked, id=10200, stack(0x0000005ef9500000,0x0000005ef9600000)]
  0x00000214b0174220 JavaThread "Worker-3" [_thread_blocked, id=16176, stack(0x0000005ef9600000,0x0000005ef9700000)]
  0x00000214b0174c40 JavaThread "JNA Cleaner" daemon [_thread_blocked, id=5516, stack(0x0000005ef9700000,0x0000005ef9800000)]
  0x00000214b0e9acd0 JavaThread "pool-2-thread-1" [_thread_blocked, id=10536, stack(0x0000005ef9800000,0x0000005ef9900000)]
  0x00000214b0e9d550 JavaThread "WorkspaceEventsHandler" [_thread_blocked, id=16244, stack(0x0000005ef9900000,0x0000005ef9a00000)]
  0x00000214b0e9da60 JavaThread "pool-1-thread-1" [_thread_blocked, id=16036, stack(0x0000005ef9a00000,0x0000005ef9b00000)]
  0x00000214b0e9df70 JavaThread "Worker-4" [_thread_blocked, id=15460, stack(0x0000005ef8f00000,0x0000005ef9000000)]
  0x00000214b0e9e480 JavaThread "Worker-5" [_thread_blocked, id=16352, stack(0x0000005ef9b00000,0x0000005ef9c00000)]
  0x00000214b0e9f8c0 JavaThread "pool-3-thread-1" [_thread_in_native, id=7532, stack(0x0000005ef9c00000,0x0000005ef9d00000)]

Other Threads:
  0x00000214aed014b0 VMThread "VM Thread" [stack: 0x0000005ef7600000,0x0000005ef7700000] [id=3880]
  0x00000214af0535c0 WatcherThread [stack: 0x0000005ef8200000,0x0000005ef8300000] [id=9628]
  0x0000021495e2a3e0 GCTaskThread "GC Thread#0" [stack: 0x0000005ef7500000,0x0000005ef7600000] [id=9448]
  0x00000214b01afe50 GCTaskThread "GC Thread#1" [stack: 0x0000005ef8300000,0x0000005ef8400000] [id=2240]
  0x00000214b01b0110 GCTaskThread "GC Thread#2" [stack: 0x0000005ef8400000,0x0000005ef8500000] [id=1536]
  0x00000214b01b03d0 GCTaskThread "GC Thread#3" [stack: 0x0000005ef8500000,0x0000005ef8600000] [id=12548]
  0x00000214b01b0690 GCTaskThread "GC Thread#4" [stack: 0x0000005ef8600000,0x0000005ef8700000] [id=14440]
=>0x00000214b01b0950 GCTaskThread "GC Thread#5" [stack: 0x0000005ef8700000,0x0000005ef8800000] [id=1888]
  0x00000214b01b0c10 GCTaskThread "GC Thread#6" [stack: 0x0000005ef8800000,0x0000005ef8900000] [id=6860]
  0x00000214b064e590 GCTaskThread "GC Thread#7" [stack: 0x0000005ef8c00000,0x0000005ef8d00000] [id=6088]

Threads with active compile tasks:
C2 CompilerThread0    25549 7290       4       org.eclipse.jdt.internal.compiler.classfmt.MethodInfo::createMethod (713 bytes)
C2 CompilerThread1    25549 7283   !   4       org.eclipse.jdt.internal.compiler.classfmt.ClassFileReader::<init> (2158 bytes)

VM state: at safepoint (normal execution)

VM Mutex/Monitor currently owned by a thread:  ([mutex/lock_event])
[0x0000021495e14650] Threads_lock - owner thread: 0x00000214aed014b0
[0x0000021495e12e20] Heap_lock - owner thread: 0x00000214b0174730

Heap address: 0x00000000c0000000, size: 1024 MB, Compressed Oops mode: 32-bit

CDS archive(s) not mapped
Compressed class space mapped at: 0x0000000100000000-0x0000000140000000, reserved size: 1073741824
Narrow klass base: 0x0000000000000000, Narrow klass shift: 3, Narrow klass range: 0x140000000

GC Precious Log:
 CPUs: 8 total, 8 available
 Memory: 6058M
 Large Page Support: Disabled
 NUMA Support: Disabled
 Compressed Oops: Enabled (32-bit)
 Alignments: Space 512K, Generation 512K, Heap 2M
 Heap Min Capacity: 100M
 Heap Initial Capacity: 100M
 Heap Max Capacity: 1G
 Pre-touch: Disabled
 Parallel Workers: 8

Heap:
 PSYoungGen      total 18944K, used 3578K [0x00000000eab00000, 0x00000000ec300000, 0x0000000100000000)
  eden space 15360K, 0% used [0x00000000eab00000,0x00000000eab00000,0x00000000eba00000)
  from space 3584K, 99% used [0x00000000ebf80000,0x00000000ec2fe8f0,0x00000000ec300000)
  to   space 4096K, 0% used [0x00000000ebb00000,0x00000000ebb00000,0x00000000ebf00000)
 ParOldGen       total 68608K, used 67905K [0x00000000c0000000, 0x00000000c4300000, 0x00000000eab00000)
  object space 68608K, 98% used [0x00000000c0000000,0x00000000c42507b0,0x00000000c4300000)
 Metaspace       used 54922K, committed 55936K, reserved 1114112K
  class space    used 5883K, committed 6336K, reserved 1048576K

Card table byte_map: [0x00000214957d0000,0x00000214959e0000] _byte_map_base: 0x00000214951d0000

Marking Bits: (ParMarkBitMap*) 0x00007ffb460ed7d0
 Begin Bits: [0x00000214a7aa0000, 0x00000214a8aa0000)
 End Bits:   [0x00000214a8aa0000, 0x00000214a9aa0000)

Polling page: 0x00000214955c0000

Metaspace:

Usage:
  Non-class:     47.89 MB used.
      Class:      5.75 MB used.
       Both:     53.63 MB used.

Virtual space:
  Non-class space:       64.00 MB reserved,      48.44 MB ( 76%) committed,  1 nodes.
      Class space:        1.00 GB reserved,       6.19 MB ( <1%) committed,  1 nodes.
             Both:        1.06 GB reserved,      54.62 MB (  5%) committed. 

Chunk freelists:
   Non-Class:  15.06 MB
       Class:  9.64 MB
        Both:  24.70 MB

MaxMetaspaceSize: unlimited
CompressedClassSpaceSize: 1.00 GB
Initial GC threshold: 21.00 MB
Current GC threshold: 58.38 MB
CDS: off
MetaspaceReclaimPolicy: balanced
 - commit_granule_bytes: 65536.
 - commit_granule_words: 8192.
 - virtual_space_node_default_size: 8388608.
 - enlarge_chunks_in_place: 1.
 - new_chunks_are_fully_committed: 0.
 - uncommit_free_chunks: 1.
 - use_allocation_guard: 0.
 - handle_deallocations: 1.


Internal statistics:

num_allocs_failed_limit: 6.
num_arena_births: 608.
num_arena_deaths: 38.
num_vsnodes_births: 2.
num_vsnodes_deaths: 0.
num_space_committed: 874.
num_space_uncommitted: 0.
num_chunks_returned_to_freelist: 51.
num_chunks_taken_from_freelist: 2767.
num_chunk_merges: 14.
num_chunk_splits: 1694.
num_chunks_enlarged: 984.
num_inconsistent_stats: 0.

CodeHeap 'non-profiled nmethods': size=120000Kb used=3530Kb max_used=3530Kb free=116469Kb
 bounds [0x00000214a0570000, 0x00000214a08f0000, 0x00000214a7aa0000]
CodeHeap 'profiled nmethods': size=120000Kb used=13258Kb max_used=13258Kb free=106741Kb
 bounds [0x0000021498aa0000, 0x00000214997a0000, 0x000002149ffd0000]
CodeHeap 'non-nmethods': size=5760Kb used=1313Kb max_used=1411Kb free=4447Kb
 bounds [0x000002149ffd0000, 0x00000214a0240000, 0x00000214a0570000]
 total_blobs=7022 nmethods=6376 adapters=558
 compilation: enabled
              stopped_count=0, restarted_count=0
 full_count=0

Compilation events (20 events):
Event: 24.773 Thread 0x00000214aed2ec60 nmethod 5964 0x00000214a08d0310 code [0x00000214a08d04c0, 0x00000214a08d06f8]
Event: 24.773 Thread 0x00000214aed2ec60 6538       4       org.eclipse.jdt.internal.core.JrtPackageFragmentRoot$1::visitFile (14 bytes)
Event: 24.778 Thread 0x00000214aed2ec60 nmethod 6538 0x00000214a08d0990 code [0x00000214a08d0b20, 0x00000214a08d0d08]
Event: 24.778 Thread 0x00000214aed2ec60 6539       4       org.eclipse.jdt.internal.core.JrtPackageFragmentRoot$1::visitFile (24 bytes)
Event: 24.781 Thread 0x00000214aed2ec60 nmethod 6539 0x00000214a08d0f10 code [0x00000214a08d10a0, 0x00000214a08d11c8]
Event: 24.782 Thread 0x00000214aed2ec60 7142       4       jdk.internal.jimage.ImageLocation::getFullName (109 bytes)
Event: 24.924 Thread 0x00000214b17e99e0 nmethod 7281 0x00000214a08d1310 code [0x00000214a08d1580, 0x00000214a08d3c70]
Event: 24.924 Thread 0x00000214b17e99e0 6020       4       java.util.stream.SpinedBuffer::accept (94 bytes)
Event: 24.927 Thread 0x00000214b17e99e0 nmethod 6020 0x00000214a08d4890 code [0x00000214a08d4a20, 0x00000214a08d4b38]
Event: 24.927 Thread 0x00000214b17e99e0 6043       4       java.util.stream.StreamSpliterators$WrappingSpliterator$$Lambda$74/0x0000000100160bf0::accept (9 bytes)
Event: 24.931 Thread 0x00000214b17e99e0 nmethod 6043 0x00000214a08d4c10 code [0x00000214a08d4da0, 0x00000214a08d4ef8]
Event: 24.931 Thread 0x00000214b17e99e0 6583       4       jdk.internal.jrtfs.JrtPath::getName (6 bytes)
Event: 24.972 Thread 0x00000214aed2ec60 nmethod 7142 0x00000214a08d5090 code [0x00000214a08d53c0, 0x00000214a08d8430]
Event: 24.973 Thread 0x00000214aed2ec60 7285       4       org.eclipse.jdt.internal.compiler.classfmt.MethodInfo::decodeCodeAttribute (147 bytes)
Event: 25.074 Thread 0x00000214b17e99e0 nmethod 6583 0x00000214a08da210 code [0x00000214a08da460, 0x00000214a08dbd90]
Event: 25.074 Thread 0x00000214b17e99e0 7283   !   4       org.eclipse.jdt.internal.compiler.classfmt.ClassFileReader::<init> (2158 bytes)
Event: 25.124 Thread 0x00000214aed2ec60 nmethod 7285 0x00000214a08dcc90 code [0x00000214a08dcee0, 0x00000214a08df6d8]
Event: 25.125 Thread 0x00000214aed2ec60 7286  s    4       org.eclipse.jdt.internal.compiler.classfmt.MethodInfo::readExceptionAttributes (215 bytes)
Event: 25.188 Thread 0x00000214aed2ec60 nmethod 7286 0x00000214a08e0a10 code [0x00000214a08e0be0, 0x00000214a08e1ff8]
Event: 25.188 Thread 0x00000214aed2ec60 7290       4       org.eclipse.jdt.internal.compiler.classfmt.MethodInfo::createMethod (713 bytes)

GC Heap History (20 events):
Event: 18.193 GC heap after
{Heap after GC invocations=29 (full 2):
 PSYoungGen      total 19456K, used 1837K [0x00000000eab00000, 0x00000000ec080000, 0x0000000100000000)
  eden space 17408K, 0% used [0x00000000eab00000,0x00000000eab00000,0x00000000ebc00000)
  from space 2048K, 89% used [0x00000000ebe00000,0x00000000ebfcb530,0x00000000ec000000)
  to   space 512K, 0% used [0x00000000ec000000,0x00000000ec000000,0x00000000ec080000)
 ParOldGen       total 68608K, used 40418K [0x00000000c0000000, 0x00000000c4300000, 0x00000000eab00000)
  object space 68608K, 58% used [0x00000000c0000000,0x00000000c2778b88,0x00000000c4300000)
 Metaspace       used 53707K, committed 54784K, reserved 1114112K
  class space    used 5765K, committed 6208K, reserved 1048576K
}
Event: 18.811 GC heap before
{Heap before GC invocations=30 (full 2):
 PSYoungGen      total 19456K, used 19122K [0x00000000eab00000, 0x00000000ec080000, 0x0000000100000000)
  eden space 17408K, 99% used [0x00000000eab00000,0x00000000ebbe1558,0x00000000ebc00000)
  from space 2048K, 89% used [0x00000000ebe00000,0x00000000ebfcb530,0x00000000ec000000)
  to   space 512K, 0% used [0x00000000ec000000,0x00000000ec000000,0x00000000ec080000)
 ParOldGen       total 68608K, used 40418K [0x00000000c0000000, 0x00000000c4300000, 0x00000000eab00000)
  object space 68608K, 58% used [0x00000000c0000000,0x00000000c2778b88,0x00000000c4300000)
 Metaspace       used 54348K, committed 55360K, reserved 1114112K
  class space    used 5819K, committed 6272K, reserved 1048576K
}
Event: 18.817 GC heap after
{Heap after GC invocations=30 (full 2):
 PSYoungGen      total 17920K, used 512K [0x00000000eab00000, 0x00000000ec300000, 0x0000000100000000)
  eden space 17408K, 0% used [0x00000000eab00000,0x00000000eab00000,0x00000000ebc00000)
  from space 512K, 100% used [0x00000000ec000000,0x00000000ec080000,0x00000000ec080000)
  to   space 3584K, 0% used [0x00000000ebc00000,0x00000000ebc00000,0x00000000ebf80000)
 ParOldGen       total 68608K, used 42977K [0x00000000c0000000, 0x00000000c4300000, 0x00000000eab00000)
  object space 68608K, 62% used [0x00000000c0000000,0x00000000c29f84d8,0x00000000c4300000)
 Metaspace       used 54348K, committed 55360K, reserved 1114112K
  class space    used 5819K, committed 6272K, reserved 1048576K
}
Event: 19.182 GC heap before
{Heap before GC invocations=31 (full 2):
 PSYoungGen      total 17920K, used 17920K [0x00000000eab00000, 0x00000000ec300000, 0x0000000100000000)
  eden space 17408K, 100% used [0x00000000eab00000,0x00000000ebc00000,0x00000000ebc00000)
  from space 512K, 100% used [0x00000000ec000000,0x00000000ec080000,0x00000000ec080000)
  to   space 3584K, 0% used [0x00000000ebc00000,0x00000000ebc00000,0x00000000ebf80000)
 ParOldGen       total 68608K, used 42977K [0x00000000c0000000, 0x00000000c4300000, 0x00000000eab00000)
  object space 68608K, 62% used [0x00000000c0000000,0x00000000c29f84d8,0x00000000c4300000)
 Metaspace       used 54467K, committed 55488K, reserved 1114112K
  class space    used 5828K, committed 6272K, reserved 1048576K
}
Event: 19.188 GC heap after
{Heap after GC invocations=31 (full 2):
 PSYoungGen      total 20992K, used 3038K [0x00000000eab00000, 0x00000000ec300000, 0x0000000100000000)
  eden space 17408K, 0% used [0x00000000eab00000,0x00000000eab00000,0x00000000ebc00000)
  from space 3584K, 84% used [0x00000000ebc00000,0x00000000ebef7970,0x00000000ebf80000)
  to   space 3584K, 0% used [0x00000000ebf80000,0x00000000ebf80000,0x00000000ec300000)
 ParOldGen       total 68608K, used 43431K [0x00000000c0000000, 0x00000000c4300000, 0x00000000eab00000)
  object space 68608K, 63% used [0x00000000c0000000,0x00000000c2a69df8,0x00000000c4300000)
 Metaspace       used 54467K, committed 55488K, reserved 1114112K
  class space    used 5828K, committed 6272K, reserved 1048576K
}
Event: 19.618 GC heap before
{Heap before GC invocations=32 (full 2):
 PSYoungGen      total 20992K, used 20446K [0x00000000eab00000, 0x00000000ec300000, 0x0000000100000000)
  eden space 17408K, 100% used [0x00000000eab00000,0x00000000ebc00000,0x00000000ebc00000)
  from space 3584K, 84% used [0x00000000ebc00000,0x00000000ebef7970,0x00000000ebf80000)
  to   space 3584K, 0% used [0x00000000ebf80000,0x00000000ebf80000,0x00000000ec300000)
 ParOldGen       total 68608K, used 43431K [0x00000000c0000000, 0x00000000c4300000, 0x00000000eab00000)
  object space 68608K, 63% used [0x00000000c0000000,0x00000000c2a69df8,0x00000000c4300000)
 Metaspace       used 54870K, committed 55936K, reserved 1114112K
  class space    used 5879K, committed 6336K, reserved 1048576K
}
Event: 19.624 GC heap after
{Heap after GC invocations=32 (full 2):
 PSYoungGen      total 20992K, used 3402K [0x00000000eab00000, 0x00000000ec300000, 0x0000000100000000)
  eden space 17408K, 0% used [0x00000000eab00000,0x00000000eab00000,0x00000000ebc00000)
  from space 3584K, 94% used [0x00000000ebf80000,0x00000000ec2d2b48,0x00000000ec300000)
  to   space 3584K, 0% used [0x00000000ebc00000,0x00000000ebc00000,0x00000000ebf80000)
 ParOldGen       total 68608K, used 46267K [0x00000000c0000000, 0x00000000c4300000, 0x00000000eab00000)
  object space 68608K, 67% used [0x00000000c0000000,0x00000000c2d2ef40,0x00000000c4300000)
 Metaspace       used 54870K, committed 55936K, reserved 1114112K
  class space    used 5879K, committed 6336K, reserved 1048576K
}
Event: 19.867 GC heap before
{Heap before GC invocations=33 (full 2):
 PSYoungGen      total 20992K, used 20810K [0x00000000eab00000, 0x00000000ec300000, 0x0000000100000000)
  eden space 17408K, 100% used [0x00000000eab00000,0x00000000ebc00000,0x00000000ebc00000)
  from space 3584K, 94% used [0x00000000ebf80000,0x00000000ec2d2b48,0x00000000ec300000)
  to   space 3584K, 0% used [0x00000000ebc00000,0x00000000ebc00000,0x00000000ebf80000)
 ParOldGen       total 68608K, used 46267K [0x00000000c0000000, 0x00000000c4300000, 0x00000000eab00000)
  object space 68608K, 67% used [0x00000000c0000000,0x00000000c2d2ef40,0x00000000c4300000)
 Metaspace       used 54876K, committed 55936K, reserved 1114112K
  class space    used 5879K, committed 6336K, reserved 1048576K
}
Event: 19.875 GC heap after
{Heap after GC invocations=33 (full 2):
 PSYoungGen      total 20992K, used 3570K [0x00000000eab00000, 0x00000000ecc00000, 0x0000000100000000)
  eden space 17408K, 0% used [0x00000000eab00000,0x00000000eab00000,0x00000000ebc00000)
  from space 3584K, 99% used [0x00000000ebc00000,0x00000000ebf7c838,0x00000000ebf80000)
  to   space 8192K, 0% used [0x00000000ec400000,0x00000000ec400000,0x00000000ecc00000)
 ParOldGen       total 68608K, used 49836K [0x00000000c0000000, 0x00000000c4300000, 0x00000000eab00000)
  object space 68608K, 72% used [0x00000000c0000000,0x00000000c30ab2f0,0x00000000c4300000)
 Metaspace       used 54876K, committed 55936K, reserved 1114112K
  class space    used 5879K, committed 6336K, reserved 1048576K
}
Event: 20.195 GC heap before
{Heap before GC invocations=34 (full 2):
 PSYoungGen      total 20992K, used 20978K [0x00000000eab00000, 0x00000000ecc00000, 0x0000000100000000)
  eden space 17408K, 100% used [0x00000000eab00000,0x00000000ebc00000,0x00000000ebc00000)
  from space 3584K, 99% used [0x00000000ebc00000,0x00000000ebf7c838,0x00000000ebf80000)
  to   space 8192K, 0% used [0x00000000ec400000,0x00000000ec400000,0x00000000ecc00000)
 ParOldGen       total 68608K, used 49836K [0x00000000c0000000, 0x00000000c4300000, 0x00000000eab00000)
  object space 68608K, 72% used [0x00000000c0000000,0x00000000c30ab2f0,0x00000000c4300000)
 Metaspace       used 54877K, committed 55936K, reserved 1114112K
  class space    used 5879K, committed 6336K, reserved 1048576K
}
Event: 20.201 GC heap after
{Heap after GC invocations=34 (full 2):
 PSYoungGen      total 21504K, used 3875K [0x00000000eab00000, 0x00000000ec800000, 0x0000000100000000)
  eden space 17408K, 0% used [0x00000000eab00000,0x00000000eab00000,0x00000000ebc00000)
  from space 4096K, 94% used [0x00000000ec400000,0x00000000ec7c8ef0,0x00000000ec800000)
  to   space 5120K, 0% used [0x00000000ebe00000,0x00000000ebe00000,0x00000000ec300000)
 ParOldGen       total 68608K, used 53254K [0x00000000c0000000, 0x00000000c4300000, 0x00000000eab00000)
  object space 68608K, 77% used [0x00000000c0000000,0x00000000c3401848,0x00000000c4300000)
 Metaspace       used 54877K, committed 55936K, reserved 1114112K
  class space    used 5879K, committed 6336K, reserved 1048576K
}
Event: 21.119 GC heap before
{Heap before GC invocations=35 (full 2):
 PSYoungGen      total 21504K, used 21283K [0x00000000eab00000, 0x00000000ec800000, 0x0000000100000000)
  eden space 17408K, 100% used [0x00000000eab00000,0x00000000ebc00000,0x00000000ebc00000)
  from space 4096K, 94% used [0x00000000ec400000,0x00000000ec7c8ef0,0x00000000ec800000)
  to   space 5120K, 0% used [0x00000000ebe00000,0x00000000ebe00000,0x00000000ec300000)
 ParOldGen       total 68608K, used 53254K [0x00000000c0000000, 0x00000000c4300000, 0x00000000eab00000)
  object space 68608K, 77% used [0x00000000c0000000,0x00000000c3401848,0x00000000c4300000)
 Metaspace       used 54880K, committed 55936K, reserved 1114112K
  class space    used 5879K, committed 6336K, reserved 1048576K
}
Event: 21.128 GC heap after
{Heap after GC invocations=35 (full 2):
 PSYoungGen      total 22016K, used 4210K [0x00000000eab00000, 0x00000000ec500000, 0x0000000100000000)
  eden space 17408K, 0% used [0x00000000eab00000,0x00000000eab00000,0x00000000ebc00000)
  from space 4608K, 91% used [0x00000000ebe00000,0x00000000ec21cad0,0x00000000ec280000)
  to   space 2560K, 0% used [0x00000000ec280000,0x00000000ec280000,0x00000000ec500000)
 ParOldGen       total 68608K, used 56830K [0x00000000c0000000, 0x00000000c4300000, 0x00000000eab00000)
  object space 68608K, 82% used [0x00000000c0000000,0x00000000c377fba0,0x00000000c4300000)
 Metaspace       used 54880K, committed 55936K, reserved 1114112K
  class space    used 5879K, committed 6336K, reserved 1048576K
}
Event: 21.997 GC heap before
{Heap before GC invocations=36 (full 2):
 PSYoungGen      total 22016K, used 21618K [0x00000000eab00000, 0x00000000ec500000, 0x0000000100000000)
  eden space 17408K, 100% used [0x00000000eab00000,0x00000000ebc00000,0x00000000ebc00000)
  from space 4608K, 91% used [0x00000000ebe00000,0x00000000ec21cad0,0x00000000ec280000)
  to   space 2560K, 0% used [0x00000000ec280000,0x00000000ec280000,0x00000000ec500000)
 ParOldGen       total 68608K, used 56830K [0x00000000c0000000, 0x00000000c4300000, 0x00000000eab00000)
  object space 68608K, 82% used [0x00000000c0000000,0x00000000c377fba0,0x00000000c4300000)
 Metaspace       used 54885K, committed 55936K, reserved 1114112K
  class space    used 5879K, committed 6336K, reserved 1048576K
}
Event: 22.010 GC heap after
{Heap after GC invocations=36 (full 2):
 PSYoungGen      total 17920K, used 2542K [0x00000000eab00000, 0x00000000ecd00000, 0x0000000100000000)
  eden space 15360K, 0% used [0x00000000eab00000,0x00000000eab00000,0x00000000eba00000)
  from space 2560K, 99% used [0x00000000ec280000,0x00000000ec4fb938,0x00000000ec500000)
  to   space 8704K, 0% used [0x00000000eba00000,0x00000000eba00000,0x00000000ec280000)
 ParOldGen       total 68608K, used 62108K [0x00000000c0000000, 0x00000000c4300000, 0x00000000eab00000)
  object space 68608K, 90% used [0x00000000c0000000,0x00000000c3ca7270,0x00000000c4300000)
 Metaspace       used 54885K, committed 55936K, reserved 1114112K
  class space    used 5879K, committed 6336K, reserved 1048576K
}
Event: 22.947 GC heap before
{Heap before GC invocations=37 (full 2):
 PSYoungGen      total 17920K, used 17902K [0x00000000eab00000, 0x00000000ecd00000, 0x0000000100000000)
  eden space 15360K, 100% used [0x00000000eab00000,0x00000000eba00000,0x00000000eba00000)
  from space 2560K, 99% used [0x00000000ec280000,0x00000000ec4fb938,0x00000000ec500000)
  to   space 8704K, 0% used [0x00000000eba00000,0x00000000eba00000,0x00000000ec280000)
 ParOldGen       total 68608K, used 62108K [0x00000000c0000000, 0x00000000c4300000, 0x00000000eab00000)
  object space 68608K, 90% used [0x00000000c0000000,0x00000000c3ca7270,0x00000000c4300000)
 Metaspace       used 54917K, committed 55936K, reserved 1114112K
  class space    used 5883K, committed 6336K, reserved 1048576K
}
Event: 22.955 GC heap after
{Heap after GC invocations=37 (full 2):
 PSYoungGen      total 19456K, used 3623K [0x00000000eab00000, 0x00000000ec500000, 0x0000000100000000)
  eden space 15360K, 0% used [0x00000000eab00000,0x00000000eab00000,0x00000000eba00000)
  from space 4096K, 88% used [0x00000000eba00000,0x00000000ebd89d78,0x00000000ebe00000)
  to   space 5632K, 0% used [0x00000000ebf80000,0x00000000ebf80000,0x00000000ec500000)
 ParOldGen       total 68608K, used 64517K [0x00000000c0000000, 0x00000000c4300000, 0x00000000eab00000)
  object space 68608K, 94% used [0x00000000c0000000,0x00000000c3f014a0,0x00000000c4300000)
 Metaspace       used 54917K, committed 55936K, reserved 1114112K
  class space    used 5883K, committed 6336K, reserved 1048576K
}
Event: 25.259 GC heap before
{Heap before GC invocations=38 (full 2):
 PSYoungGen      total 19456K, used 18983K [0x00000000eab00000, 0x00000000ec500000, 0x0000000100000000)
  eden space 15360K, 100% used [0x00000000eab00000,0x00000000eba00000,0x00000000eba00000)
  from space 4096K, 88% used [0x00000000eba00000,0x00000000ebd89d78,0x00000000ebe00000)
  to   space 5632K, 0% used [0x00000000ebf80000,0x00000000ebf80000,0x00000000ec500000)
 ParOldGen       total 68608K, used 64517K [0x00000000c0000000, 0x00000000c4300000, 0x00000000eab00000)
  object space 68608K, 94% used [0x00000000c0000000,0x00000000c3f014a0,0x00000000c4300000)
 Metaspace       used 54922K, committed 55936K, reserved 1114112K
  class space    used 5883K, committed 6336K, reserved 1048576K
}
Event: 25.267 GC heap after
{Heap after GC invocations=38 (full 2):
 PSYoungGen      total 18944K, used 3578K [0x00000000eab00000, 0x00000000ec300000, 0x0000000100000000)
  eden space 15360K, 0% used [0x00000000eab00000,0x00000000eab00000,0x00000000eba00000)
  from space 3584K, 99% used [0x00000000ebf80000,0x00000000ec2fe8f0,0x00000000ec300000)
  to   space 4096K, 0% used [0x00000000ebb00000,0x00000000ebb00000,0x00000000ebf00000)
 ParOldGen       total 68608K, used 67905K [0x00000000c0000000, 0x00000000c4300000, 0x00000000eab00000)
  object space 68608K, 98% used [0x00000000c0000000,0x00000000c42507b0,0x00000000c4300000)
 Metaspace       used 54922K, committed 55936K, reserved 1114112K
  class space    used 5883K, committed 6336K, reserved 1048576K
}
Event: 25.267 GC heap before
{Heap before GC invocations=39 (full 3):
 PSYoungGen      total 18944K, used 3578K [0x00000000eab00000, 0x00000000ec300000, 0x0000000100000000)
  eden space 15360K, 0% used [0x00000000eab00000,0x00000000eab00000,0x00000000eba00000)
  from space 3584K, 99% used [0x00000000ebf80000,0x00000000ec2fe8f0,0x00000000ec300000)
  to   space 4096K, 0% used [0x00000000ebb00000,0x00000000ebb00000,0x00000000ebf00000)
 ParOldGen       total 68608K, used 67905K [0x00000000c0000000, 0x00000000c4300000, 0x00000000eab00000)
  object space 68608K, 98% used [0x00000000c0000000,0x00000000c42507b0,0x00000000c4300000)
 Metaspace       used 54922K, committed 55936K, reserved 1114112K
  class space    used 5883K, committed 6336K, reserved 1048576K
}

Dll operation events (10 events):
Event: 0.037 Loaded shared library c:\Users\Andrea\.vscode\extensions\redhat.java-1.29.0-win32-x64\jre\17.0.10-win32-x86_64\bin\java.dll
Event: 0.815 Loaded shared library c:\Users\Andrea\.vscode\extensions\redhat.java-1.29.0-win32-x64\jre\17.0.10-win32-x86_64\bin\zip.dll
Event: 0.826 Loaded shared library C:\Users\Andrea\.vscode\extensions\redhat.java-1.29.0-win32-x64\jre\17.0.10-win32-x86_64\bin\instrument.dll
Event: 0.892 Loaded shared library C:\Users\Andrea\.vscode\extensions\redhat.java-1.29.0-win32-x64\jre\17.0.10-win32-x86_64\bin\net.dll
Event: 0.920 Loaded shared library C:\Users\Andrea\.vscode\extensions\redhat.java-1.29.0-win32-x64\jre\17.0.10-win32-x86_64\bin\nio.dll
Event: 0.959 Loaded shared library C:\Users\Andrea\.vscode\extensions\redhat.java-1.29.0-win32-x64\jre\17.0.10-win32-x86_64\bin\zip.dll
Event: 1.009 Loaded shared library C:\Users\Andrea\.vscode\extensions\redhat.java-1.29.0-win32-x64\jre\17.0.10-win32-x86_64\bin\jimage.dll
Event: 1.304 Loaded shared library c:\Users\Andrea\.vscode\extensions\redhat.java-1.29.0-win32-x64\jre\17.0.10-win32-x86_64\bin\verify.dll
Event: 5.334 Loaded shared library C:\Users\Andrea\AppData\Roaming\Code\User\globalStorage\redhat.java\1.29.0\config_win\org.eclipse.equinox.launcher\org.eclipse.equinox.launcher.win32.win32.x86_64_1.2.900.v20240213-1244\eclipse_11900.dll
Event: 11.854 Loaded shared library C:\Users\Andrea\AppData\Local\Temp\jna-1965574007\jna9620731685292885354.dll

Deoptimization events (20 events):
Event: 22.931 Thread 0x00000214b0174730 DEOPT PACKING pc=0x0000021498d63638 sp=0x0000005ef95fe840
Event: 22.931 Thread 0x00000214b0174730 DEOPT UNPACKING pc=0x00000214a0026e43 sp=0x0000005ef95fdda8 mode 0
Event: 22.997 Thread 0x00000214b0174730 DEOPT PACKING pc=0x0000021498b19609 sp=0x0000005ef95fe430
Event: 22.997 Thread 0x00000214b0174730 DEOPT UNPACKING pc=0x00000214a0026e43 sp=0x0000005ef95fd928 mode 0
Event: 23.231 Thread 0x00000214b0174730 DEOPT PACKING pc=0x0000021498d63413 sp=0x0000005ef95fe840
Event: 23.239 Thread 0x00000214b0174730 DEOPT UNPACKING pc=0x00000214a0026e43 sp=0x0000005ef95fdda8 mode 0
Event: 23.368 Thread 0x00000214b0174730 DEOPT PACKING pc=0x0000021498d63413 sp=0x0000005ef95fe840
Event: 23.368 Thread 0x00000214b0174730 DEOPT UNPACKING pc=0x00000214a0026e43 sp=0x0000005ef95fdda8 mode 0
Event: 23.369 Thread 0x00000214b0174730 DEOPT PACKING pc=0x0000021498c8d713 sp=0x0000005ef95fe4b0
Event: 23.369 Thread 0x00000214b0174730 DEOPT UNPACKING pc=0x00000214a0026e43 sp=0x0000005ef95fd9e8 mode 0
Event: 23.376 Thread 0x00000214b0174730 DEOPT PACKING pc=0x00000214996c285d sp=0x0000005ef95fe7e0
Event: 23.376 Thread 0x00000214b0174730 DEOPT UNPACKING pc=0x00000214a0026e43 sp=0x0000005ef95fdd80 mode 0
Event: 23.451 Thread 0x00000214b0174730 DEOPT PACKING pc=0x0000021498d63413 sp=0x0000005ef95fe840
Event: 23.451 Thread 0x00000214b0174730 DEOPT UNPACKING pc=0x00000214a0026e43 sp=0x0000005ef95fdda8 mode 0
Event: 23.944 Thread 0x00000214b0174730 DEOPT PACKING pc=0x0000021498c8d713 sp=0x0000005ef95fe4b0
Event: 23.944 Thread 0x00000214b0174730 DEOPT UNPACKING pc=0x00000214a0026e43 sp=0x0000005ef95fd9e8 mode 0
Event: 24.226 Thread 0x00000214b0174730 DEOPT PACKING pc=0x00000214996c285d sp=0x0000005ef95fe7e0
Event: 24.226 Thread 0x00000214b0174730 DEOPT UNPACKING pc=0x00000214a0026e43 sp=0x0000005ef95fdd80 mode 0
Event: 24.941 Thread 0x00000214b0174730 DEOPT PACKING pc=0x00000214996c285d sp=0x0000005ef95fe7e0
Event: 24.941 Thread 0x00000214b0174730 DEOPT UNPACKING pc=0x00000214a0026e43 sp=0x0000005ef95fdd80 mode 0

Classes unloaded (19 events):
Event: 8.860 Thread 0x00000214aed014b0 Unloading class 0x0000000100254400 'java/lang/invoke/LambdaForm$MH+0x0000000100254400'
Event: 8.860 Thread 0x00000214aed014b0 Unloading class 0x0000000100254000 'java/lang/invoke/LambdaForm$MH+0x0000000100254000'
Event: 8.860 Thread 0x00000214aed014b0 Unloading class 0x0000000100253c00 'java/lang/invoke/LambdaForm$MH+0x0000000100253c00'
Event: 8.860 Thread 0x00000214aed014b0 Unloading class 0x0000000100253800 'java/lang/invoke/LambdaForm$MH+0x0000000100253800'
Event: 8.860 Thread 0x00000214aed014b0 Unloading class 0x0000000100253400 'java/lang/invoke/LambdaForm$BMH+0x0000000100253400'
Event: 8.860 Thread 0x00000214aed014b0 Unloading class 0x0000000100253000 'java/lang/invoke/LambdaForm$DMH+0x0000000100253000'
Event: 8.860 Thread 0x00000214aed014b0 Unloading class 0x0000000100250400 'java/lang/invoke/LambdaForm$DMH+0x0000000100250400'
Event: 11.235 Thread 0x00000214aed014b0 Unloading class 0x0000000100359400 'java/lang/invoke/LambdaForm$MH+0x0000000100359400'
Event: 11.235 Thread 0x00000214aed014b0 Unloading class 0x0000000100359000 'java/lang/invoke/LambdaForm$MH+0x0000000100359000'
Event: 11.235 Thread 0x00000214aed014b0 Unloading class 0x0000000100358400 'java/lang/invoke/LambdaForm$MH+0x0000000100358400'
Event: 11.235 Thread 0x00000214aed014b0 Unloading class 0x0000000100358000 'java/lang/invoke/LambdaForm$MH+0x0000000100358000'
Event: 11.235 Thread 0x00000214aed014b0 Unloading class 0x0000000100357400 'java/lang/invoke/LambdaForm$DMH+0x0000000100357400'
Event: 11.235 Thread 0x00000214aed014b0 Unloading class 0x0000000100356800 'java/lang/invoke/LambdaForm$MH+0x0000000100356800'
Event: 11.235 Thread 0x00000214aed014b0 Unloading class 0x0000000100352800 'java/lang/invoke/LambdaForm$MH+0x0000000100352800'
Event: 11.235 Thread 0x00000214aed014b0 Unloading class 0x0000000100352000 'java/lang/invoke/LambdaForm$MH+0x0000000100352000'
Event: 11.235 Thread 0x00000214aed014b0 Unloading class 0x0000000100351800 'java/lang/invoke/LambdaForm$MH+0x0000000100351800'
Event: 11.235 Thread 0x00000214aed014b0 Unloading class 0x0000000100351000 'java/lang/invoke/LambdaForm$MH+0x0000000100351000'
Event: 11.235 Thread 0x00000214aed014b0 Unloading class 0x0000000100350800 'java/lang/invoke/LambdaForm$MH+0x0000000100350800'
Event: 11.235 Thread 0x00000214aed014b0 Unloading class 0x0000000100350000 'java/lang/invoke/LambdaForm$MH+0x0000000100350000'

Classes redefined (0 events):
No events

Internal exceptions (20 events):
Event: 19.270 Thread 0x00000214b01723c0 Exception <a 'sun/nio/fs/WindowsException'{0x00000000eaf5e9e8}> (0x00000000eaf5e9e8) 
thrown [s\src\hotspot\share\prims\jni.cpp, line 516]
Event: 19.276 Thread 0x00000214b01723c0 Exception <a 'sun/nio/fs/WindowsException'{0x00000000eaf62ad0}> (0x00000000eaf62ad0) 
thrown [s\src\hotspot\share\prims\jni.cpp, line 516]
Event: 19.278 Thread 0x00000214b01723c0 Exception <a 'sun/nio/fs/WindowsException'{0x00000000eaf66b08}> (0x00000000eaf66b08) 
thrown [s\src\hotspot\share\prims\jni.cpp, line 516]
Event: 19.279 Thread 0x00000214b01723c0 Exception <a 'sun/nio/fs/WindowsException'{0x00000000eaf6a798}> (0x00000000eaf6a798) 
thrown [s\src\hotspot\share\prims\jni.cpp, line 516]
Event: 19.281 Thread 0x00000214b01723c0 Exception <a 'sun/nio/fs/WindowsException'{0x00000000eafea630}> (0x00000000eafea630) 
thrown [s\src\hotspot\share\prims\jni.cpp, line 516]
Event: 19.282 Thread 0x00000214b01723c0 Exception <a 'sun/nio/fs/WindowsException'{0x00000000eafeddf0}> (0x00000000eafeddf0) 
thrown [s\src\hotspot\share\prims\jni.cpp, line 516]
Event: 19.284 Thread 0x00000214b01723c0 Exception <a 'sun/nio/fs/WindowsException'{0x00000000eaff2170}> (0x00000000eaff2170) 
thrown [s\src\hotspot\share\prims\jni.cpp, line 516]
Event: 19.285 Thread 0x00000214b01723c0 Exception <a 'sun/nio/fs/WindowsException'{0x00000000eaff8820}> (0x00000000eaff8820) 
thrown [s\src\hotspot\share\prims\jni.cpp, line 516]
Event: 19.287 Thread 0x00000214b01723c0 Exception <a 'sun/nio/fs/WindowsException'{0x00000000eb04e0f0}> (0x00000000eb04e0f0) 
thrown [s\src\hotspot\share\prims\jni.cpp, line 516]
Event: 19.288 Thread 0x00000214b01723c0 Exception <a 'sun/nio/fs/WindowsException'{0x00000000eb0523d0}> (0x00000000eb0523d0) 
thrown [s\src\hotspot\share\prims\jni.cpp, line 516]
Event: 19.291 Thread 0x00000214b01723c0 Exception <a 'sun/nio/fs/WindowsException'{0x00000000eb055a08}> (0x00000000eb055a08) 
thrown [s\src\hotspot\share\prims\jni.cpp, line 516]
Event: 19.292 Thread 0x00000214b01723c0 Exception <a 'sun/nio/fs/WindowsException'{0x00000000eb0592a0}> (0x00000000eb0592a0) 
thrown [s\src\hotspot\share\prims\jni.cpp, line 516]
Event: 19.295 Thread 0x00000214b01723c0 Exception <a 'sun/nio/fs/WindowsException'{0x00000000eb0af6f8}> (0x00000000eb0af6f8) 
thrown [s\src\hotspot\share\prims\jni.cpp, line 516]
Event: 19.296 Thread 0x00000214b01723c0 Exception <a 'sun/nio/fs/WindowsException'{0x00000000eb0b32f8}> (0x00000000eb0b32f8) 
thrown [s\src\hotspot\share\prims\jni.cpp, line 516]
Event: 19.298 Thread 0x00000214b01723c0 Exception <a 'sun/nio/fs/WindowsException'{0x00000000eb0b6c48}> (0x00000000eb0b6c48) 
thrown [s\src\hotspot\share\prims\jni.cpp, line 516]
Event: 19.299 Thread 0x00000214b01723c0 Exception <a 'sun/nio/fs/WindowsException'{0x00000000eb0ba4e0}> (0x00000000eb0ba4e0) 
thrown [s\src\hotspot\share\prims\jni.cpp, line 516]
Event: 19.301 Thread 0x00000214b01723c0 Exception <a 'sun/nio/fs/WindowsException'{0x00000000eb0bdfc8}> (0x00000000eb0bdfc8) 
thrown [s\src\hotspot\share\prims\jni.cpp, line 516]
Event: 19.334 Thread 0x00000214b01723c0 Exception <a 'java/lang/NoSuchMethodError'{0x00000000eb1935b0}: 'void java.lang.invoke.DirectMethodHandle$Holder.invokeStatic(java.lang.Object, long)'> (0x00000000eb1935b0) 
thrown [s\src\hotspot\share\interpreter\linkResolver.cpp, line 759]
Event: 19.336 Thread 0x00000214b01723c0 Exception <a 'java/lang/NoSuchMethodError'{0x00000000eb198958}: 'java.lang.Object java.lang.invoke.DirectMethodHandle$Holder.newInvokeSpecial(java.lang.Object, long)'> (0x00000000eb198958) 
thrown [s\src\hotspot\share\interpreter\linkResolver.cpp, line 759]
Event: 19.502 Thread 0x00000214b0174730 Implicit null exception at 0x00000214a08305ac to 0x00000214a08306b0

VM Operations (20 events):
Event: 18.817 Executing VM operation: ParallelGCFailedAllocation done
Event: 19.181 Executing VM operation: ParallelGCFailedAllocation
Event: 19.191 Executing VM operation: ParallelGCFailedAllocation done
Event: 19.224 Executing VM operation: HandshakeAllThreads
Event: 19.225 Executing VM operation: HandshakeAllThreads done
Event: 19.339 Executing VM operation: HandshakeAllThreads
Event: 19.355 Executing VM operation: HandshakeAllThreads done
Event: 19.618 Executing VM operation: ParallelGCFailedAllocation
Event: 19.625 Executing VM operation: ParallelGCFailedAllocation done
Event: 19.867 Executing VM operation: ParallelGCFailedAllocation
Event: 19.875 Executing VM operation: ParallelGCFailedAllocation done
Event: 20.195 Executing VM operation: ParallelGCFailedAllocation
Event: 20.201 Executing VM operation: ParallelGCFailedAllocation done
Event: 21.119 Executing VM operation: ParallelGCFailedAllocation
Event: 21.131 Executing VM operation: ParallelGCFailedAllocation done
Event: 21.997 Executing VM operation: ParallelGCFailedAllocation
Event: 22.011 Executing VM operation: ParallelGCFailedAllocation done
Event: 22.947 Executing VM operation: ParallelGCFailedAllocation
Event: 22.955 Executing VM operation: ParallelGCFailedAllocation done
Event: 25.259 Executing VM operation: ParallelGCFailedAllocation

Events (20 events):
Event: 18.331 loading class java/util/zip/ZipError
Event: 18.331 loading class java/util/zip/ZipError done
Event: 18.403 Thread 0x00000214b0e9e480 Thread added: 0x00000214b0e9e480
Event: 18.956 loading class java/util/WeakHashMap$KeyIterator
Event: 18.957 loading class java/util/WeakHashMap$KeyIterator done
Event: 19.306 loading class java/lang/Class$EnclosingMethodInfo
Event: 19.306 loading class java/lang/Class$EnclosingMethodInfo done
Event: 19.315 loading class java/lang/ProcessBuilder
Event: 19.316 loading class java/lang/ProcessBuilder done
Event: 19.317 loading class java/lang/ProcessImpl
Event: 19.318 loading class java/lang/ProcessImpl done
Event: 19.336 loading class java/lang/ProcessImpl$2
Event: 19.337 loading class java/lang/ProcessImpl$2 done
Event: 19.337 loading class java/lang/Process$PipeInputStream
Event: 19.337 loading class java/lang/Process$PipeInputStream done
Event: 19.355 loading class jdk/internal/event/ProcessStartEvent
Event: 19.355 loading class jdk/internal/event/ProcessStartEvent done
Event: 19.444 Thread 0x00000214b0e9f8c0 Thread added: 0x00000214b0e9f8c0
Event: 19.467 loading class java/util/concurrent/CompletableFuture$Signaller
Event: 19.467 loading class java/util/concurrent/CompletableFuture$Signaller done


Dynamic libraries:
0x00007ff79b110000 - 0x00007ff79b11e000 	c:\Users\Andrea\.vscode\extensions\redhat.java-1.29.0-win32-x64\jre\17.0.10-win32-x86_64\bin\java.exe
0x00007ffba8f10000 - 0x00007ffba9126000 	C:\WINDOWS\SYSTEM32\ntdll.dll
0x00007ffb7e9b0000 - 0x00007ffb7e9c9000 	C:\Program Files\Avast Software\Avast\aswhook.dll
0x00007ffba7ee0000 - 0x00007ffba7fa4000 	C:\WINDOWS\System32\KERNEL32.DLL
0x00007ffba6420000 - 0x00007ffba67c7000 	C:\WINDOWS\System32\KERNELBASE.dll
0x00007ffba69b0000 - 0x00007ffba6ac1000 	C:\WINDOWS\System32\ucrtbase.dll
0x00007ffb8d350000 - 0x00007ffb8d367000 	c:\Users\Andrea\.vscode\extensions\redhat.java-1.29.0-win32-x64\jre\17.0.10-win32-x86_64\bin\jli.dll
0x00007ffba8620000 - 0x00007ffba87ce000 	C:\WINDOWS\System32\USER32.dll
0x00007ffba6230000 - 0x00007ffba6256000 	C:\WINDOWS\System32\win32u.dll
0x00007ffba88d0000 - 0x00007ffba88f9000 	C:\WINDOWS\System32\GDI32.dll
0x00007ffba67d0000 - 0x00007ffba68e9000 	C:\WINDOWS\System32\gdi32full.dll
0x00007ffba62d0000 - 0x00007ffba636a000 	C:\WINDOWS\System32\msvcp_win.dll
0x00007ffb8ac10000 - 0x00007ffb8ac2b000 	c:\Users\Andrea\.vscode\extensions\redhat.java-1.29.0-win32-x64\jre\17.0.10-win32-x86_64\bin\VCRUNTIME140.dll
0x00007ffba5700000 - 0x00007ffba5993000 	C:\WINDOWS\WinSxS\amd64_microsoft.windows.common-controls_6595b64144ccf1df_6.0.22621.3235_none_270f74e173860f98\COMCTL32.dll
0x00007ffba8ce0000 - 0x00007ffba8d87000 	C:\WINDOWS\System32\msvcrt.dll
0x00007ffba8a60000 - 0x00007ffba8a91000 	C:\WINDOWS\System32\IMM32.DLL
0x00007ffb9a720000 - 0x00007ffb9a72c000 	c:\Users\Andrea\.vscode\extensions\redhat.java-1.29.0-win32-x64\jre\17.0.10-win32-x86_64\bin\vcruntime140_1.dll
0x00007ffb74570000 - 0x00007ffb745fd000 	c:\Users\Andrea\.vscode\extensions\redhat.java-1.29.0-win32-x64\jre\17.0.10-win32-x86_64\bin\msvcp140.dll
0x00007ffb45550000 - 0x00007ffb461b2000 	c:\Users\Andrea\.vscode\extensions\redhat.java-1.29.0-win32-x64\jre\17.0.10-win32-x86_64\bin\server\jvm.dll
0x00007ffba8e10000 - 0x00007ffba8ec2000 	C:\WINDOWS\System32\ADVAPI32.dll
0x00007ffba7780000 - 0x00007ffba7828000 	C:\WINDOWS\System32\sechost.dll
0x00007ffba6370000 - 0x00007ffba6398000 	C:\WINDOWS\System32\bcrypt.dll
0x00007ffba84a0000 - 0x00007ffba85b5000 	C:\WINDOWS\System32\RPCRT4.dll
0x00007ffba6100000 - 0x00007ffba614d000 	C:\WINDOWS\SYSTEM32\POWRPROF.dll
0x00007ffb8bcc0000 - 0x00007ffb8bcc9000 	C:\WINDOWS\SYSTEM32\WSOCK32.dll
0x00007ffba7550000 - 0x00007ffba75c1000 	C:\WINDOWS\System32\WS2_32.dll
0x00007ffb9c380000 - 0x00007ffb9c38a000 	C:\WINDOWS\SYSTEM32\VERSION.dll
0x00007ffb9c320000 - 0x00007ffb9c354000 	C:\WINDOWS\SYSTEM32\WINMM.dll
0x00007ffba60e0000 - 0x00007ffba60f3000 	C:\WINDOWS\SYSTEM32\UMPDC.dll
0x00007ffba4990000 - 0x00007ffba49a8000 	C:\WINDOWS\SYSTEM32\kernel.appcore.dll
0x00007ffb96d70000 - 0x00007ffb96d7a000 	c:\Users\Andrea\.vscode\extensions\redhat.java-1.29.0-win32-x64\jre\17.0.10-win32-x86_64\bin\jimage.dll
0x00007ffba5ab0000 - 0x00007ffba5ce3000 	C:\WINDOWS\SYSTEM32\DBGHELP.DLL
0x00007ffba7830000 - 0x00007ffba7bb8000 	C:\WINDOWS\System32\combase.dll
0x00007ffba7be0000 - 0x00007ffba7cb7000 	C:\WINDOWS\System32\OLEAUT32.dll
0x00007ffba59a0000 - 0x00007ffba59d2000 	C:\WINDOWS\SYSTEM32\dbgcore.DLL
0x00007ffba63a0000 - 0x00007ffba6419000 	C:\WINDOWS\System32\bcryptPrimitives.dll
0x00007ffb96bc0000 - 0x00007ffb96bce000 	c:\Users\Andrea\.vscode\extensions\redhat.java-1.29.0-win32-x64\jre\17.0.10-win32-x86_64\bin\instrument.dll
0x00007ffb8ab10000 - 0x00007ffb8ab35000 	c:\Users\Andrea\.vscode\extensions\redhat.java-1.29.0-win32-x64\jre\17.0.10-win32-x86_64\bin\java.dll
0x00007ffb8a2c0000 - 0x00007ffb8a2d8000 	c:\Users\Andrea\.vscode\extensions\redhat.java-1.29.0-win32-x64\jre\17.0.10-win32-x86_64\bin\zip.dll
0x00007ffba6c40000 - 0x00007ffba749c000 	C:\WINDOWS\System32\SHELL32.dll
0x00007ffba3780000 - 0x00007ffba4079000 	C:\WINDOWS\SYSTEM32\windows.storage.dll
0x00007ffba3640000 - 0x00007ffba377e000 	C:\WINDOWS\SYSTEM32\wintypes.dll
0x00007ffba87d0000 - 0x00007ffba88c3000 	C:\WINDOWS\System32\SHCORE.dll
0x00007ffba7e80000 - 0x00007ffba7ede000 	C:\WINDOWS\System32\shlwapi.dll
0x00007ffba6160000 - 0x00007ffba6181000 	C:\WINDOWS\SYSTEM32\profapi.dll
0x00007ffba5a50000 - 0x00007ffba5a69000 	C:\Users\Andrea\.vscode\extensions\redhat.java-1.29.0-win32-x64\jre\17.0.10-win32-x86_64\bin\net.dll
0x00007ffb9d4e0000 - 0x00007ffb9d616000 	C:\WINDOWS\SYSTEM32\WINHTTP.dll
0x00007ffba4dd0000 - 0x00007ffba4e39000 	C:\WINDOWS\system32\mswsock.dll
0x00007ffba5a30000 - 0x00007ffba5a46000 	C:\Users\Andrea\.vscode\extensions\redhat.java-1.29.0-win32-x64\jre\17.0.10-win32-x86_64\bin\nio.dll
0x00007ffb96b90000 - 0x00007ffb96ba0000 	c:\Users\Andrea\.vscode\extensions\redhat.java-1.29.0-win32-x64\jre\17.0.10-win32-x86_64\bin\verify.dll
0x00007ffb80fc0000 - 0x00007ffb80ffe000 	C:\Users\Andrea\AppData\Roaming\Code\User\globalStorage\redhat.java\1.29.0\config_win\org.eclipse.equinox.launcher\org.eclipse.equinox.launcher.win32.win32.x86_64_1.2.900.v20240213-1244\eclipse_11900.dll
0x00007ffba75d0000 - 0x00007ffba7775000 	C:\WINDOWS\System32\ole32.dll
0x00007ffba5de0000 - 0x00007ffba5dfb000 	C:\WINDOWS\SYSTEM32\CRYPTSP.dll
0x00007ffba50c0000 - 0x00007ffba50f5000 	C:\WINDOWS\system32\rsaenh.dll
0x00007ffba4eb0000 - 0x00007ffba4ed8000 	C:\WINDOWS\SYSTEM32\USERENV.dll
0x00007ffba5350000 - 0x00007ffba535c000 	C:\WINDOWS\SYSTEM32\CRYPTBASE.dll
0x00007ffba4440000 - 0x00007ffba446d000 	C:\WINDOWS\SYSTEM32\IPHLPAPI.DLL
0x00007ffba8aa0000 - 0x00007ffba8aa9000 	C:\WINDOWS\System32\NSI.dll
0x00007ffb9e2b0000 - 0x00007ffb9e2c9000 	C:\WINDOWS\SYSTEM32\dhcpcsvc6.DLL
0x00007ffb9d4c0000 - 0x00007ffb9d4df000 	C:\WINDOWS\SYSTEM32\dhcpcsvc.DLL
0x00007ffba4470000 - 0x00007ffba4569000 	C:\WINDOWS\SYSTEM32\DNSAPI.dll
0x00007ffb80f70000 - 0x00007ffb80fb5000 	C:\Users\Andrea\AppData\Local\Temp\jna-1965574007\jna9620731685292885354.dll
0x00007ffba8d90000 - 0x00007ffba8d98000 	C:\WINDOWS\System32\PSAPI.DLL

dbghelp: loaded successfully - version: 4.0.5 - missing functions: none
symbol engine: initialized successfully - sym options: 0x614 - pdb path: .;c:\Users\Andrea\.vscode\extensions\redhat.java-1.29.0-win32-x64\jre\17.0.10-win32-x86_64\bin;C:\WINDOWS\SYSTEM32;C:\Program Files\Avast Software\Avast;C:\WINDOWS\WinSxS\amd64_microsoft.windows.common-controls_6595b64144ccf1df_6.0.22621.3235_none_270f74e173860f98;c:\Users\Andrea\.vscode\extensions\redhat.java-1.29.0-win32-x64\jre\17.0.10-win32-x86_64\bin\server;C:\Users\Andrea\AppData\Roaming\Code\User\globalStorage\redhat.java\1.29.0\config_win\org.eclipse.equinox.launcher\org.eclipse.equinox.launcher.win32.win32.x86_64_1.2.900.v20240213-1244;C:\Users\Andrea\AppData\Local\Temp\jna-1965574007

VM Arguments:
jvm_args: --add-modules=ALL-SYSTEM --add-opens=java.base/java.util=ALL-UNNAMED --add-opens=java.base/java.lang=ALL-UNNAMED --add-opens=java.base/sun.nio.fs=ALL-UNNAMED -Declipse.application=org.eclipse.jdt.ls.core.id1 -Dosgi.bundles.defaultStartLevel=4 -Declipse.product=org.eclipse.jdt.ls.core.product -Djava.import.generatesMetadataFilesAtProjectRoot=false -DDetectVMInstallationsJob.disabled=true -Dfile.encoding=utf8 -XX:+UseParallelGC -XX:GCTimeRatio=4 -XX:AdaptiveSizePolicyWeight=90 -Dsun.zip.disableMemoryMapping=true -Xmx1G -Xms100m -Xlog:disable -javaagent:c:\Users\Andrea\.vscode\extensions\redhat.java-1.29.0-win32-x64\lombok\lombok-1.18.32.jar -XX:+HeapDumpOnOutOfMemoryError -XX:HeapDumpPath=c:\Users\Andrea\AppData\Roaming\Code\User\workspaceStorage\d5609e42dd6f9d32313583c72987fdb1\redhat.java -Daether.dependencyCollector.impl=bf 
java_command: c:\Users\Andrea\.vscode\extensions\redhat.java-1.29.0-win32-x64\server\plugins\org.eclipse.equinox.launcher_1.6.800.v20240304-1850.jar -configuration c:\Users\Andrea\AppData\Roaming\Code\User\globalStorage\redhat.java\1.29.0\config_win -data c:\Users\Andrea\AppData\Roaming\Code\User\workspaceStorage\d5609e42dd6f9d32313583c72987fdb1\redhat.java\jdt_ws --stdio
java_class_path (initial): c:\Users\Andrea\.vscode\extensions\redhat.java-1.29.0-win32-x64\server\plugins\org.eclipse.equinox.launcher_1.6.800.v20240304-1850.jar
Launcher Type: SUN_STANDARD

[Global flags]
    uintx AdaptiveSizePolicyWeight                 = 90                                        {product} {command line}
     intx CICompilerCount                          = 4                                         {product} {ergonomic}
    uintx GCTimeRatio                              = 4                                         {product} {command line}
     bool HeapDumpOnOutOfMemoryError               = true                                   {manageable} {command line}
    ccstr HeapDumpPath                             = c:\Users\Andrea\AppData\Roaming\Code\User\workspaceStorage\d5609e42dd6f9d32313583c72987fdb1\redhat.java         {manageable} {command line}
   size_t InitialHeapSize                          = 104857600                                 {product} {command line}
   size_t MaxHeapSize                              = 1073741824                                {product} {command line}
   size_t MaxNewSize                               = 357564416                                 {product} {ergonomic}
   size_t MinHeapDeltaBytes                        = 524288                                    {product} {ergonomic}
   size_t MinHeapSize                              = 104857600                                 {product} {command line}
   size_t NewSize                                  = 34603008                                  {product} {ergonomic}
    uintx NonNMethodCodeHeapSize                   = 5839372                                {pd product} {ergonomic}
    uintx NonProfiledCodeHeapSize                  = 122909434                              {pd product} {ergonomic}
   size_t OldSize                                  = 70254592                                  {product} {ergonomic}
    uintx ProfiledCodeHeapSize                     = 122909434                              {pd product} {ergonomic}
    uintx ReservedCodeCacheSize                    = 251658240                              {pd product} {ergonomic}
     bool SegmentedCodeCache                       = true                                      {product} {ergonomic}
   size_t SoftMaxHeapSize                          = 1073741824                             {manageable} {ergonomic}
     bool UseCompressedClassPointers               = true                           {product lp64_product} {ergonomic}
     bool UseCompressedOops                        = true                           {product lp64_product} {ergonomic}
     bool UseLargePagesIndividualAllocation        = false                                  {pd product} {ergonomic}
     bool UseParallelGC                            = true                                      {product} {command line}

Logging:
Log output configuration:
 #0: stdout all=off uptime,level,tags
 #1: stderr all=off uptime,level,tags

Environment Variables:
PATH=C:\Program Files\Microsoft SDKs\Azure\CLI2\wbin;C:\Gradle\gradle-8.5\bin;C:\Program Files\Common Files\Oracle\Java\javapath;C:\WINDOWS\system32;C:\WINDOWS;C:\WINDOWS\System32\Wbem;C:\WINDOWS\System32\WindowsPowerShell\v1.0\;C:\WINDOWS\System32\OpenSSH\;C:\Program Files\Docker\Docker\resources\bin;C:\Program Files\Git\cmd;C:\Program Files\nodejs\;C:\ProgramData\chocolatey\bin;C:\Users\Andrea\AppData\Local\Programs\Python\Launcher\;C:\Users\Andrea\AppData\Local\Microsoft\WindowsApps;C:\Users\Andrea\AppData\Local\Programs\Microsoft VS Code\bin;C:\Gradle\gradle-8.5\bin;C:\Users\Andrea\AppData\Roaming\npm;
USERNAME=Andrea
OS=Windows_NT
PROCESSOR_IDENTIFIER=AMD64 Family 23 Model 24 Stepping 1, AuthenticAMD
TMP=C:\Users\Andrea\AppData\Local\Temp
TEMP=C:\Users\Andrea\AppData\Local\Temp



Periodic native trim disabled


---------------  S Y S T E M  ---------------

OS:
 Windows 11 , 64 bit Build 22621 (10.0.22621.3374)
OS uptime: 0 days 0:34 hours
Hyper-V role detected

CPU: total 8 (initial active 8) (8 cores per cpu, 2 threads per core) family 23 model 24 stepping 1 microcode 0x0, cx8, cmov, fxsr, ht, mmx, 3dnowpref, sse, sse2, sse3, ssse3, sse4a, sse4.1, sse4.2, popcnt, lzcnt, tsc, tscinvbit, avx, avx2, aes, clmul, bmi1, bmi2, adx, sha, fma, vzeroupper, clflush, clflushopt, hv
Processor Information for all 8 processors :
  Max Mhz: 2100, Current Mhz: 2100, Mhz Limit: 2100

Memory: 4k page, system-wide physical 6058M (299M free)
TotalPageFile size 13994M (AvailPageFile size 4102M)
current process WorkingSet (physical memory assigned to process): 286M, peak: 294M
current process commit charge ("private bytes"): 314M, peak: 338M

vm_info: OpenJDK 64-Bit Server VM (17.0.10+7) for windows-amd64 JRE (17.0.10+7), built on Jan 16 2024 23:25:11 by "admin" with MS VC++ 16.10 / 16.11 (VS2019)

END.
